<?xml version="1.0" encoding="UTF-8"?>
<!-- Generated by org.testng.reporters.JUnitXMLReporter -->
<testsuite ignored="3" hostname="DESKTOP-Q4C4NUA" failures="0" tests="0" time="0.014" errors="0" timestamp="2024-04-08T01:08:07 GMT-07:00">
  <testcase classname="testscript.tolanch_demoworkshop" name="demo" time="0.0">
    <ignored/>
  </testcase> <!-- demo -->
  <testcase classname="testscript.tolanch_maybelline" name="maybe" time="0.0">
    <ignored/>
  </testcase> <!-- maybe -->
  <testcase classname="testscript.tolanch_lakme" name="lakme" time="0.0">
    <ignored/>
  </testcase> <!-- lakme -->
</testsuite>
